0 info it worked if it ends with ok
1 verbose cli [ 'D:\\Program Files\\nodeJs\\4.2.3\\node.exe',
1 verbose cli   'D:\\Program Files\\nodeJs\\4.2.3\\node_modules\\npm\\bin\\npm-cli.js',
1 verbose cli   'run',
1 verbose cli   'start' ]
2 info using npm@2.14.7
3 info using node@v4.2.3
4 verbose run-script [ 'prestart', 'start', 'poststart' ]
5 info prestart angular-adminlte-plugin@0.1.0
6 info start angular-adminlte-plugin@0.1.0
7 verbose unsafe-perm in lifecycle true
8 info angular-adminlte-plugin@0.1.0 Failed to exec start script
9 verbose stack Error: angular-adminlte-plugin@0.1.0 start: `webpack-dev-server --history-api-fallback --inline --progress`
9 verbose stack Exit status 1
9 verbose stack     at EventEmitter.<anonymous> (D:\Program Files\nodeJs\4.2.3\node_modules\npm\lib\utils\lifecycle.js:214:16)
9 verbose stack     at emitTwo (events.js:87:13)
9 verbose stack     at EventEmitter.emit (events.js:172:7)
9 verbose stack     at ChildProcess.<anonymous> (D:\Program Files\nodeJs\4.2.3\node_modules\npm\lib\utils\spawn.js:24:14)
9 verbose stack     at emitTwo (events.js:87:13)
9 verbose stack     at ChildProcess.emit (events.js:172:7)
9 verbose stack     at maybeClose (internal/child_process.js:818:16)
9 verbose stack     at Process.ChildProcess._handle.onexit (internal/child_process.js:211:5)
10 verbose pkgid angular-adminlte-plugin@0.1.0
11 verbose cwd E:\git_library\angular-adminlte-plugin
12 error Windows_NT 6.1.7601
13 error argv "D:\\Program Files\\nodeJs\\4.2.3\\node.exe" "D:\\Program Files\\nodeJs\\4.2.3\\node_modules\\npm\\bin\\npm-cli.js" "run" "start"
14 error node v4.2.3
15 error npm  v2.14.7
16 error code ELIFECYCLE
17 error angular-adminlte-plugin@0.1.0 start: `webpack-dev-server --history-api-fallback --inline --progress`
17 error Exit status 1
18 error Failed at the angular-adminlte-plugin@0.1.0 start script 'webpack-dev-server --history-api-fallback --inline --progress'.
18 error This is most likely a problem with the angular-adminlte-plugin package,
18 error not with npm itself.
18 error Tell the author that this fails on your system:
18 error     webpack-dev-server --history-api-fallback --inline --progress
18 error You can get their info via:
18 error     npm owner ls angular-adminlte-plugin
18 error There is likely additional logging output above.
19 verbose exit [ 1, true ]
